<?xml version="1.0" encoding="UTF-8"?>
<testsuite xmlns:xsi="http://www.w3.org/2001/XMLSchema-instance" xsi:noNamespaceSchemaLocation="https://maven.apache.org/surefire/maven-surefire-plugin/xsd/surefire-test-report.xsd" version="3.0.2" name="com.psr.SpringBoot_AWS_Pipeline.SpringBootAwsPipelineApplicationTests" time="3.344" tests="1" errors="0" skipped="0" failures="0">
  <properties>
[...]
</properties>
  <testcase name="contextLoads" classname="com.psr.SpringBoot_AWS_Pipeline.SpringBootAwsPipelineApplicationTests" time="0.896">
    <system-out><![CDATA[00:41:35.330 [main] INFO org.springframework.test.context.support.AnnotationConfigContextLoaderUtils -- Could not detect default configuration classes for test class [com.psr.SpringBoot_AWS_Pipeline.SpringBootAwsPipelineApplicationTests]: SpringBootAwsPipelineApplicationTests does not declare any static, non-private, non-final, nested classes annotated with @Configuration.
00:41:35.504 [main] INFO org.springframework.boot.test.context.SpringBootTestContextBootstrapper -- Found @SpringBootConfiguration com.psr.SpringBoot_AWS_Pipeline.SpringBootAwsPipelineApplication for test class com.psr.SpringBoot_AWS_Pipeline.SpringBootAwsPipelineApplicationTests

  .   ____          _            __ _ _
 /\\ / ___'_ __ _ _(_)_ __  __ _ \ \ \ \
( ( )\___ | '_ | '_| | '_ \/ _` | \ \ \ \
 \\/  ___)| |_)| | | | | || (_| |  ) ) ) )
  '  |____| .__|_| |_|_| |_\__, | / / / /
 =========|_|==============|___/=/_/_/_/

 :: Spring Boot ::                (v3.4.3)

2025-02-25T00:41:36.053+05:30  INFO 5720 --- [SpringBoot-AWS-Pipeline] [           main] .S.SpringBootAwsPipelineApplicationTests : Starting SpringBootAwsPipelineApplicationTests using Java 20.0.1 with PID 5720 (started by parul in G:\SpringCloudProjects\SpingBoot-CICD-AWS)
2025-02-25T00:41:36.056+05:30  INFO 5720 --- [SpringBoot-AWS-Pipeline] [           main] .S.SpringBootAwsPipelineApplicationTests : No active profile set, falling back to 1 default profile: "default"
2025-02-25T00:41:37.544+05:30  INFO 5720 --- [SpringBoot-AWS-Pipeline] [           main] .S.SpringBootAwsPipelineApplicationTests : Started SpringBootAwsPipelineApplicationTests in 1.845 seconds (process running for 3.04)
]]></system-out>
  </testcase>
</testsuite>